setting 'ivy.default.settings.dir' to 'jar:file:/Users/christopherd/Documents/TDDKATA/sbt-launch-0.7.7.jar!/org/apache/ivy/core/settings'
setting 'ivy.basedir' to '/Users/christopherd/Documents/TDDKATA/.'
setting 'ivy.default.conf.dir' to 'jar:file:/Users/christopherd/Documents/TDDKATA/sbt-launch-0.7.7.jar!/org/apache/ivy/core/settings'
impossible to define new type: class not found: org.apache.ivy.plugins.version.PatternVersionMatcher in [] nor Ivy classloader
impossible to define new type: class not found: org.apache.ivy.plugins.trigger.LogTrigger in [] nor Ivy classloader
impossible to define new type: class not found: org.apache.ivy.plugins.resolver.VsftpResolver in [] nor Ivy classloader
impossible to define new type: class not found: org.apache.ivy.plugins.conflict.RegexpConflictManager in [] nor Ivy classloader
impossible to define new type: class not found: org.apache.ivy.plugins.resolver.SshResolver in [] nor Ivy classloader
impossible to define new type: class not found: org.apache.ivy.plugins.resolver.VfsResolver in [] nor Ivy classloader
impossible to define new type: class not found: org.apache.ivy.plugins.signer.bouncycastle.OpenPGPSignatureGenerator in [] nor Ivy classloader
impossible to define new type: class not found: org.apache.ivy.plugins.resolver.SFTPResolver in [] nor Ivy classloader
impossible to define new type: class not found: org.apache.ivy.plugins.resolver.packager.PackagerResolver in [] nor Ivy classloader
impossible to define new type: class not found: org.apache.ivy.ant.AntCallTrigger in [] nor Ivy classloader
impossible to define new type: class not found: org.apache.ivy.plugins.resolver.IvyRepResolver in [] nor Ivy classloader
impossible to define new type: class not found: org.apache.ivy.ant.AntBuildTrigger in [] nor Ivy classloader
impossible to define glob matcher: org.apache.ivy.plugins.matcher.GlobPatternMatcher was not found.
setting 'java.runtime.name' to 'Java(TM) SE Runtime Environment'
setting 'sun.boot.library.path' to '/System/Library/Java/JavaVirtualMachines/1.6.0.jdk/Contents/Libraries'
setting 'java.vm.version' to '20.6-b01-415'
setting 'awt.nativeDoubleBuffering' to 'true'
setting 'gopherProxySet' to 'false'
setting 'mrj.build' to '11M3646'
setting 'java.vm.vendor' to 'Apple Inc.'
setting 'java.vendor.url' to 'http://www.apple.com/'
setting 'path.separator' to ':'
setting 'java.vm.name' to 'Java HotSpot(TM) 64-Bit Server VM'
setting 'file.encoding.pkg' to 'sun.io'
setting 'sun.java.launcher' to 'SUN_STANDARD'
setting 'user.country' to 'US'
setting 'sun.os.patch.level' to 'unknown'
setting 'java.vm.specification.name' to 'Java Virtual Machine Specification'
setting 'user.dir' to '/Users/christopherd/Documents/TDDKATA'
setting 'java.runtime.version' to '1.6.0_31-b04-415-11M3646'
setting 'java.awt.graphicsenv' to 'apple.awt.CGraphicsEnvironment'
setting 'java.endorsed.dirs' to '/System/Library/Java/JavaVirtualMachines/1.6.0.jdk/Contents/Home/lib/endorsed'
setting 'os.arch' to 'x86_64'
setting 'java.io.tmpdir' to '/var/folders/l8/602n1ypd1fl33jkbbhgprblh0000gp/T/'
setting 'line.separator' to '
'
setting 'java.vm.specification.vendor' to 'Sun Microsystems Inc.'
setting 'os.name' to 'Mac OS X'
setting 'sun.jnu.encoding' to 'MacRoman'
setting 'java.library.path' to '.:/Library/Java/Extensions:/System/Library/Java/Extensions:/usr/lib/java'
setting 'java.specification.name' to 'Java Platform API Specification'
setting 'java.class.version' to '50.0'
setting 'sun.management.compiler' to 'HotSpot 64-Bit Tiered Compilers'
setting 'os.version' to '10.7.4'
setting 'http.nonProxyHosts' to 'local|*.local|169.254/16|*.169.254/16'
setting 'user.home' to '/Users/christopherd'
setting 'user.timezone' to 'Europe/London'
setting 'java.awt.printerjob' to 'apple.awt.CPrinterJob'
setting 'file.encoding' to 'MacRoman'
setting 'java.specification.version' to '1.6'
setting 'java.class.path' to 'sbt-launch-0.7.7.jar'
setting 'user.name' to 'christopherd'
setting 'java.vm.specification.version' to '1.0'
setting 'sun.java.command' to 'sbt-launch-0.7.7.jar'
setting 'java.home' to '/System/Library/Java/JavaVirtualMachines/1.6.0.jdk/Contents/Home'
setting 'sun.arch.data.model' to '64'
setting 'user.language' to 'en'
setting 'java.specification.vendor' to 'Sun Microsystems Inc.'
setting 'awt.toolkit' to 'apple.awt.CToolkit'
setting 'java.vm.info' to 'mixed mode'
setting 'java.version' to '1.6.0_31'
setting 'java.ext.dirs' to '/Library/Java/Extensions:/System/Library/Java/Extensions:/System/Library/Java/JavaVirtualMachines/1.6.0.jdk/Contents/Home/lib/ext'
setting 'sun.boot.class.path' to '/System/Library/Java/JavaVirtualMachines/1.6.0.jdk/Contents/Classes/jsfd.jar:/System/Library/Java/JavaVirtualMachines/1.6.0.jdk/Contents/Classes/classes.jar:/System/Library/Frameworks/JavaVM.framework/Frameworks/JavaRuntimeSupport.framework/Resources/Java/JavaRuntimeSupport.jar:/System/Library/Java/JavaVirtualMachines/1.6.0.jdk/Contents/Classes/ui.jar:/System/Library/Java/JavaVirtualMachines/1.6.0.jdk/Contents/Classes/laf.jar:/System/Library/Java/JavaVirtualMachines/1.6.0.jdk/Contents/Classes/sunrsasign.jar:/System/Library/Java/JavaVirtualMachines/1.6.0.jdk/Contents/Classes/jsse.jar:/System/Library/Java/JavaVirtualMachines/1.6.0.jdk/Contents/Classes/jce.jar:/System/Library/Java/JavaVirtualMachines/1.6.0.jdk/Contents/Classes/charsets.jar'
setting 'java.vendor' to 'Apple Inc.'
setting 'file.separator' to '/'
setting 'java.vendor.url.bug' to 'http://bugreport.apple.com/'
setting 'sun.io.unicode.encoding' to 'UnicodeLittle'
setting 'sun.cpu.endian' to 'little'
setting 'mrj.version' to '1070.1.6.0_31-415'
setting 'socksNonProxyHosts' to 'local|*.local|169.254/16|*.169.254/16'
setting 'ftp.nonProxyHosts' to 'local|*.local|169.254/16|*.169.254/16'
setting 'sun.cpu.isalist' to ''
setting 'ivy.default.ivy.user.dir' to '/Users/christopherd/.ivy2'
setting 'ivy.home' to '/Users/christopherd/.ivy2'
no default ivy user dir defined: set to /Users/christopherd/.ivy2
setting 'ivy.cache.dir' to '/Users/christopherd/.ivy2/cache'
no default cache defined: set to /Users/christopherd/.ivy2/cache
setting 'ivy.basedir' to '/Users/christopherd/Documents/TDDKATA/project/boot'
setting 'basedir' to '/Users/christopherd/Documents/TDDKATA/project/boot'
setting 'scala' to '2.9.0'
:: resolving dependencies :: org.scala-tools.sbt#boot-scala;1.0
	confs: [default]
	validate = true
	refresh = false
resolving dependencies for configuration 'default'
== resolving dependencies for org.scala-tools.sbt#boot-scala;1.0 [default]
loadData of org.scala-tools.sbt#boot-scala;1.0 of rootConf=default
== resolving dependencies org.scala-tools.sbt#boot-scala;1.0->org.scala-lang#scala-compiler;2.9.0 [default->default]
loadData of org.scala-lang#scala-compiler;2.9.0 of rootConf=default
	using redefined-public to resolve org.scala-lang#scala-compiler;2.9.0
redefined-public: Checking cache for: dependency: org.scala-lang#scala-compiler;2.9.0 {default=[default, optional(default)]}
redefined-public: no namespace defined: using system
	no ivy file in cache for org.scala-lang#scala-compiler;2.9.0: tried /Users/christopherd/.ivy2/cache/org.scala-lang/scala-compiler/ivy-2.9.0.xml
redefined-public: no latest strategy defined: using default
local: no namespace defined: using system
	no ivy file in cache for org.scala-lang#scala-compiler;2.9.0: tried /Users/christopherd/.ivy2/cache/org.scala-lang/scala-compiler/ivy-2.9.0.xml
	 trying /Users/christopherd/.ivy2/local/org.scala-lang/scala-compiler/2.9.0/ivys/ivy.xml
		tried /Users/christopherd/.ivy2/local/org.scala-lang/scala-compiler/2.9.0/ivys/ivy.xml
	local: resource not reachable for org.scala-lang#scala-compiler;2.9.0: res=/Users/christopherd/.ivy2/local/org.scala-lang/scala-compiler/2.9.0/ivys/ivy.xml
	 trying /Users/christopherd/.ivy2/local/org.scala-lang/scala-compiler/2.9.0/jars/scala-compiler.jar
		tried /Users/christopherd/.ivy2/local/org.scala-lang/scala-compiler/2.9.0/jars/scala-compiler.jar
	local: resource not reachable for org.scala-lang#scala-compiler;2.9.0: res=/Users/christopherd/.ivy2/local/org.scala-lang/scala-compiler/2.9.0/jars/scala-compiler.jar
	local: no ivy file nor artifact found for org.scala-lang#scala-compiler;2.9.0
Maven2 Local: no namespace defined: using system
	no ivy file in cache for org.scala-lang#scala-compiler;2.9.0: tried /Users/christopherd/.ivy2/cache/org.scala-lang/scala-compiler/ivy-2.9.0.xml
	 trying file:///Users/christopherd/.m2/repository/org/scala-lang/scala-compiler/2.9.0/scala-compiler-2.9.0.pom
		tried file:///Users/christopherd/.m2/repository/org/scala-lang/scala-compiler/2.9.0/scala-compiler-2.9.0.pom
	Maven2 Local: resource not reachable for org/scala-lang#scala-compiler;2.9.0: res=file:/Users/christopherd/.m2/repository/org/scala-lang/scala-compiler/2.9.0/scala-compiler-2.9.0.pom
	 trying file:///Users/christopherd/.m2/repository/org/scala-lang/scala-compiler/2.9.0/scala-compiler-2.9.0.jar
		tried file:///Users/christopherd/.m2/repository/org/scala-lang/scala-compiler/2.9.0/scala-compiler-2.9.0.jar
	Maven2 Local: resource not reachable for org/scala-lang#scala-compiler;2.9.0: res=file:/Users/christopherd/.m2/repository/org/scala-lang/scala-compiler/2.9.0/scala-compiler-2.9.0.jar
	Maven2 Local: no ivy file nor artifact found for org.scala-lang#scala-compiler;2.9.0
sbt-db: no namespace defined: using system
	no ivy file in cache for org.scala-lang#scala-compiler;2.9.0: tried /Users/christopherd/.ivy2/cache/org.scala-lang/scala-compiler/ivy-2.9.0.xml
	 trying http://databinder.net/repo/org.scala-lang/scala-compiler/2.9.0/ivys/ivy.xml
		tried http://databinder.net/repo/org.scala-lang/scala-compiler/2.9.0/ivys/ivy.xml
HTTP response status: 404 url=http://databinder.net/repo/org.scala-lang/scala-compiler/2.9.0/ivys/ivy.xml
CLIENT ERROR: Not Found url=http://databinder.net/repo/org.scala-lang/scala-compiler/2.9.0/ivys/ivy.xml
	sbt-db: resource not reachable for org.scala-lang#scala-compiler;2.9.0: res=http://databinder.net/repo/org.scala-lang/scala-compiler/2.9.0/ivys/ivy.xml
	 trying http://databinder.net/repo/org.scala-lang/scala-compiler/2.9.0/jars/scala-compiler.jar
		tried http://databinder.net/repo/org.scala-lang/scala-compiler/2.9.0/jars/scala-compiler.jar
HTTP response status: 404 url=http://databinder.net/repo/org.scala-lang/scala-compiler/2.9.0/jars/scala-compiler.jar
CLIENT ERROR: Not Found url=http://databinder.net/repo/org.scala-lang/scala-compiler/2.9.0/jars/scala-compiler.jar
	sbt-db: resource not reachable for org.scala-lang#scala-compiler;2.9.0: res=http://databinder.net/repo/org.scala-lang/scala-compiler/2.9.0/jars/scala-compiler.jar
	sbt-db: no ivy file nor artifact found for org.scala-lang#scala-compiler;2.9.0
Maven Central: no namespace defined: using system
	no ivy file in cache for org.scala-lang#scala-compiler;2.9.0: tried /Users/christopherd/.ivy2/cache/org.scala-lang/scala-compiler/ivy-2.9.0.xml
	 trying http://repo1.maven.org/maven2/org/scala-lang/scala-compiler/2.9.0/scala-compiler-2.9.0.pom
		tried http://repo1.maven.org/maven2/org/scala-lang/scala-compiler/2.9.0/scala-compiler-2.9.0.pom
	Maven Central: found md file for org.scala-lang#scala-compiler;2.9.0
		=> http://repo1.maven.org/maven2/org/scala-lang/scala-compiler/2.9.0/scala-compiler-2.9.0.pom (2.9.0)
	parser = pom parser
	no ivy file in cache for org.scala-lang#scala-compiler;2.9.0: tried /Users/christopherd/.ivy2/cache/org.scala-lang/scala-compiler/ivy-2.9.0.xml
downloading http://repo1.maven.org/maven2/org/scala-lang/scala-compiler/2.9.0/scala-compiler-2.9.0.pom ...
	Maven Central: downloading http://repo1.maven.org/maven2/org/scala-lang/scala-compiler/2.9.0/scala-compiler-2.9.0.pom
		to /Users/christopherd/.ivy2/cache/org.scala-lang/scala-compiler/ivy-2.9.0.xml.original.part
	[SUCCESSFUL ] org.scala-lang#scala-compiler;2.9.0!scala-compiler.pom(pom.original) (251ms)
	 trying /Users/christopherd/.ivy2/local/org.scala-lang/scala-compiler/2.9.0/jars/scala-compiler.jar
		tried /Users/christopherd/.ivy2/local/org.scala-lang/scala-compiler/2.9.0/jars/scala-compiler.jar
	local: resource not reachable for org.scala-lang#scala-compiler;2.9.0: res=/Users/christopherd/.ivy2/local/org.scala-lang/scala-compiler/2.9.0/jars/scala-compiler.jar
	 trying file:///Users/christopherd/.m2/repository/org/scala-lang/scala-compiler/2.9.0/scala-compiler-2.9.0.jar
		tried file:///Users/christopherd/.m2/repository/org/scala-lang/scala-compiler/2.9.0/scala-compiler-2.9.0.jar
	Maven2 Local: resource not reachable for org/scala-lang#scala-compiler;2.9.0: res=file:/Users/christopherd/.m2/repository/org/scala-lang/scala-compiler/2.9.0/scala-compiler-2.9.0.jar
	 trying http://databinder.net/repo/org.scala-lang/scala-compiler/2.9.0/jars/scala-compiler.jar
		tried http://databinder.net/repo/org.scala-lang/scala-compiler/2.9.0/jars/scala-compiler.jar
	sbt-db: resource not reachable for org.scala-lang#scala-compiler;2.9.0: res=http://databinder.net/repo/org.scala-lang/scala-compiler/2.9.0/jars/scala-compiler.jar
	 trying http://repo1.maven.org/maven2/org/scala-lang/scala-compiler/2.9.0/scala-compiler-2.9.0.jar
		tried http://repo1.maven.org/maven2/org/scala-lang/scala-compiler/2.9.0/scala-compiler-2.9.0.jar
	 trying /Users/christopherd/.ivy2/local/org.scala-lang/scala-compiler/2.9.0/sources/scala-compiler-sources.jar
		tried /Users/christopherd/.ivy2/local/org.scala-lang/scala-compiler/2.9.0/sources/scala-compiler-sources.jar
	local: resource not reachable for org.scala-lang#scala-compiler;2.9.0: res=/Users/christopherd/.ivy2/local/org.scala-lang/scala-compiler/2.9.0/sources/scala-compiler-sources.jar
	 trying file:///Users/christopherd/.m2/repository/org/scala-lang/scala-compiler/2.9.0/scala-compiler-2.9.0-sources.jar
		tried file:///Users/christopherd/.m2/repository/org/scala-lang/scala-compiler/2.9.0/scala-compiler-2.9.0-sources.jar
	Maven2 Local: resource not reachable for org/scala-lang#scala-compiler;2.9.0: res=file:/Users/christopherd/.m2/repository/org/scala-lang/scala-compiler/2.9.0/scala-compiler-2.9.0-sources.jar
	 trying http://databinder.net/repo/org.scala-lang/scala-compiler/2.9.0/sources/scala-compiler-sources.jar
		tried http://databinder.net/repo/org.scala-lang/scala-compiler/2.9.0/sources/scala-compiler-sources.jar
HTTP response status: 404 url=http://databinder.net/repo/org.scala-lang/scala-compiler/2.9.0/sources/scala-compiler-sources.jar
CLIENT ERROR: Not Found url=http://databinder.net/repo/org.scala-lang/scala-compiler/2.9.0/sources/scala-compiler-sources.jar
	sbt-db: resource not reachable for org.scala-lang#scala-compiler;2.9.0: res=http://databinder.net/repo/org.scala-lang/scala-compiler/2.9.0/sources/scala-compiler-sources.jar
	 trying http://repo1.maven.org/maven2/org/scala-lang/scala-compiler/2.9.0/scala-compiler-2.9.0-sources.jar
		tried http://repo1.maven.org/maven2/org/scala-lang/scala-compiler/2.9.0/scala-compiler-2.9.0-sources.jar
source artifact found for org.scala-lang#scala-compiler;2.9.0
	 trying /Users/christopherd/.ivy2/local/org.scala-lang/scala-compiler/2.9.0/javadocs/scala-compiler-javadoc.jar
		tried /Users/christopherd/.ivy2/local/org.scala-lang/scala-compiler/2.9.0/javadocs/scala-compiler-javadoc.jar
	local: resource not reachable for org.scala-lang#scala-compiler;2.9.0: res=/Users/christopherd/.ivy2/local/org.scala-lang/scala-compiler/2.9.0/javadocs/scala-compiler-javadoc.jar
	 trying file:///Users/christopherd/.m2/repository/org/scala-lang/scala-compiler/2.9.0/scala-compiler-2.9.0-javadoc.jar
		tried file:///Users/christopherd/.m2/repository/org/scala-lang/scala-compiler/2.9.0/scala-compiler-2.9.0-javadoc.jar
	Maven2 Local: resource not reachable for org/scala-lang#scala-compiler;2.9.0: res=file:/Users/christopherd/.m2/repository/org/scala-lang/scala-compiler/2.9.0/scala-compiler-2.9.0-javadoc.jar
	 trying http://databinder.net/repo/org.scala-lang/scala-compiler/2.9.0/javadocs/scala-compiler-javadoc.jar
		tried http://databinder.net/repo/org.scala-lang/scala-compiler/2.9.0/javadocs/scala-compiler-javadoc.jar
HTTP response status: 404 url=http://databinder.net/repo/org.scala-lang/scala-compiler/2.9.0/javadocs/scala-compiler-javadoc.jar
CLIENT ERROR: Not Found url=http://databinder.net/repo/org.scala-lang/scala-compiler/2.9.0/javadocs/scala-compiler-javadoc.jar
	sbt-db: resource not reachable for org.scala-lang#scala-compiler;2.9.0: res=http://databinder.net/repo/org.scala-lang/scala-compiler/2.9.0/javadocs/scala-compiler-javadoc.jar
	 trying http://repo1.maven.org/maven2/org/scala-lang/scala-compiler/2.9.0/scala-compiler-2.9.0-javadoc.jar
		tried http://repo1.maven.org/maven2/org/scala-lang/scala-compiler/2.9.0/scala-compiler-2.9.0-javadoc.jar
HTTP response status: 404 url=http://repo1.maven.org/maven2/org/scala-lang/scala-compiler/2.9.0/scala-compiler-2.9.0-javadoc.jar
CLIENT ERROR: Not Found url=http://repo1.maven.org/maven2/org/scala-lang/scala-compiler/2.9.0/scala-compiler-2.9.0-javadoc.jar
	Maven Central: resource not reachable for org/scala-lang#scala-compiler;2.9.0: res=http://repo1.maven.org/maven2/org/scala-lang/scala-compiler/2.9.0/scala-compiler-2.9.0-javadoc.jar
Scala-Tools Maven2 Repository: no namespace defined: using system
	 trying http://scala-tools.org/repo-releases/org/scala-lang/scala-compiler/2.9.0/scala-compiler-2.9.0-javadoc.jar
		tried http://scala-tools.org/repo-releases/org/scala-lang/scala-compiler/2.9.0/scala-compiler-2.9.0-javadoc.jar
HTTP response status: 404 url=http://scala-tools.org/repo-releases/org/scala-lang/scala-compiler/2.9.0/scala-compiler-2.9.0-javadoc.jar
CLIENT ERROR: The server has not found anything matching the request URI url=http://scala-tools.org/repo-releases/org/scala-lang/scala-compiler/2.9.0/scala-compiler-2.9.0-javadoc.jar
	Scala-Tools Maven2 Repository: resource not reachable for org/scala-lang#scala-compiler;2.9.0: res=http://scala-tools.org/repo-releases/org/scala-lang/scala-compiler/2.9.0/scala-compiler-2.9.0-javadoc.jar
Scala-Tools Maven2 Snapshots Repository: no namespace defined: using system
	 trying http://scala-tools.org/repo-snapshots/org/scala-lang/scala-compiler/2.9.0/scala-compiler-2.9.0-javadoc.jar
		tried http://scala-tools.org/repo-snapshots/org/scala-lang/scala-compiler/2.9.0/scala-compiler-2.9.0-javadoc.jar
HTTP response status: 404 url=http://scala-tools.org/repo-snapshots/org/scala-lang/scala-compiler/2.9.0/scala-compiler-2.9.0-javadoc.jar
CLIENT ERROR: The server has not found anything matching the request URI url=http://scala-tools.org/repo-snapshots/org/scala-lang/scala-compiler/2.9.0/scala-compiler-2.9.0-javadoc.jar
	Scala-Tools Maven2 Snapshots Repository: resource not reachable for org/scala-lang#scala-compiler;2.9.0: res=http://scala-tools.org/repo-snapshots/org/scala-lang/scala-compiler/2.9.0/scala-compiler-2.9.0-javadoc.jar
no javadoc artifact found for org.scala-lang#scala-compiler;2.9.0
	default-cache: parsed downloaded md file for org.scala-lang#scala-compiler;2.9.0; parsed=org.scala-lang#scala-compiler;2.9.0
	checking org.scala-lang#scala-compiler;2.9.0 from Maven Central against [none]
	module revision kept as first found: org.scala-lang#scala-compiler;2.9.0 from Maven Central
	found org.scala-lang#scala-compiler;2.9.0 in Maven Central
== resolving dependencies org.scala-tools.sbt#boot-scala;1.0->org.scala-lang#scala-compiler;2.9.0 [default->runtime]
loadData of org.scala-lang#scala-compiler;2.9.0 of rootConf=default
== resolving dependencies org.scala-tools.sbt#boot-scala;1.0->org.scala-lang#scala-compiler;2.9.0 [default->compile]
loadData of org.scala-lang#scala-compiler;2.9.0 of rootConf=default
== resolving dependencies org.scala-lang#scala-compiler;2.9.0->org.scala-lang#scala-library;2.9.0 [compile->master(*)]
loadData of org.scala-lang#scala-library;2.9.0 of rootConf=default
	using redefined-public to resolve org.scala-lang#scala-library;2.9.0
redefined-public: Checking cache for: dependency: org.scala-lang#scala-library;2.9.0 {compile=[compile(*), master(*)], runtime=[runtime(*)]}
	no ivy file in cache for org.scala-lang#scala-library;2.9.0: tried /Users/christopherd/.ivy2/cache/org.scala-lang/scala-library/ivy-2.9.0.xml
	no ivy file in cache for org.scala-lang#scala-library;2.9.0: tried /Users/christopherd/.ivy2/cache/org.scala-lang/scala-library/ivy-2.9.0.xml
	 trying /Users/christopherd/.ivy2/local/org.scala-lang/scala-library/2.9.0/ivys/ivy.xml
		tried /Users/christopherd/.ivy2/local/org.scala-lang/scala-library/2.9.0/ivys/ivy.xml
	local: resource not reachable for org.scala-lang#scala-library;2.9.0: res=/Users/christopherd/.ivy2/local/org.scala-lang/scala-library/2.9.0/ivys/ivy.xml
	 trying /Users/christopherd/.ivy2/local/org.scala-lang/scala-library/2.9.0/jars/scala-library.jar
		tried /Users/christopherd/.ivy2/local/org.scala-lang/scala-library/2.9.0/jars/scala-library.jar
	local: resource not reachable for org.scala-lang#scala-library;2.9.0: res=/Users/christopherd/.ivy2/local/org.scala-lang/scala-library/2.9.0/jars/scala-library.jar
	local: no ivy file nor artifact found for org.scala-lang#scala-library;2.9.0
	no ivy file in cache for org.scala-lang#scala-library;2.9.0: tried /Users/christopherd/.ivy2/cache/org.scala-lang/scala-library/ivy-2.9.0.xml
	 trying file:///Users/christopherd/.m2/repository/org/scala-lang/scala-library/2.9.0/scala-library-2.9.0.pom
		tried file:///Users/christopherd/.m2/repository/org/scala-lang/scala-library/2.9.0/scala-library-2.9.0.pom
	Maven2 Local: resource not reachable for org/scala-lang#scala-library;2.9.0: res=file:/Users/christopherd/.m2/repository/org/scala-lang/scala-library/2.9.0/scala-library-2.9.0.pom
	 trying file:///Users/christopherd/.m2/repository/org/scala-lang/scala-library/2.9.0/scala-library-2.9.0.jar
		tried file:///Users/christopherd/.m2/repository/org/scala-lang/scala-library/2.9.0/scala-library-2.9.0.jar
	Maven2 Local: resource not reachable for org/scala-lang#scala-library;2.9.0: res=file:/Users/christopherd/.m2/repository/org/scala-lang/scala-library/2.9.0/scala-library-2.9.0.jar
	Maven2 Local: no ivy file nor artifact found for org.scala-lang#scala-library;2.9.0
	no ivy file in cache for org.scala-lang#scala-library;2.9.0: tried /Users/christopherd/.ivy2/cache/org.scala-lang/scala-library/ivy-2.9.0.xml
	 trying http://databinder.net/repo/org.scala-lang/scala-library/2.9.0/ivys/ivy.xml
		tried http://databinder.net/repo/org.scala-lang/scala-library/2.9.0/ivys/ivy.xml
HTTP response status: 404 url=http://databinder.net/repo/org.scala-lang/scala-library/2.9.0/ivys/ivy.xml
CLIENT ERROR: Not Found url=http://databinder.net/repo/org.scala-lang/scala-library/2.9.0/ivys/ivy.xml
	sbt-db: resource not reachable for org.scala-lang#scala-library;2.9.0: res=http://databinder.net/repo/org.scala-lang/scala-library/2.9.0/ivys/ivy.xml
	 trying http://databinder.net/repo/org.scala-lang/scala-library/2.9.0/jars/scala-library.jar
		tried http://databinder.net/repo/org.scala-lang/scala-library/2.9.0/jars/scala-library.jar
HTTP response status: 404 url=http://databinder.net/repo/org.scala-lang/scala-library/2.9.0/jars/scala-library.jar
CLIENT ERROR: Not Found url=http://databinder.net/repo/org.scala-lang/scala-library/2.9.0/jars/scala-library.jar
	sbt-db: resource not reachable for org.scala-lang#scala-library;2.9.0: res=http://databinder.net/repo/org.scala-lang/scala-library/2.9.0/jars/scala-library.jar
	sbt-db: no ivy file nor artifact found for org.scala-lang#scala-library;2.9.0
	no ivy file in cache for org.scala-lang#scala-library;2.9.0: tried /Users/christopherd/.ivy2/cache/org.scala-lang/scala-library/ivy-2.9.0.xml
	 trying http://repo1.maven.org/maven2/org/scala-lang/scala-library/2.9.0/scala-library-2.9.0.pom
		tried http://repo1.maven.org/maven2/org/scala-lang/scala-library/2.9.0/scala-library-2.9.0.pom
	Maven Central: found md file for org.scala-lang#scala-library;2.9.0
		=> http://repo1.maven.org/maven2/org/scala-lang/scala-library/2.9.0/scala-library-2.9.0.pom (2.9.0)
	parser = pom parser
	no ivy file in cache for org.scala-lang#scala-library;2.9.0: tried /Users/christopherd/.ivy2/cache/org.scala-lang/scala-library/ivy-2.9.0.xml
downloading http://repo1.maven.org/maven2/org/scala-lang/scala-library/2.9.0/scala-library-2.9.0.pom ...
	Maven Central: downloading http://repo1.maven.org/maven2/org/scala-lang/scala-library/2.9.0/scala-library-2.9.0.pom
		to /Users/christopherd/.ivy2/cache/org.scala-lang/scala-library/ivy-2.9.0.xml.original.part
	[SUCCESSFUL ] org.scala-lang#scala-library;2.9.0!scala-library.pom(pom.original) (250ms)
	 trying /Users/christopherd/.ivy2/local/org.scala-lang/scala-library/2.9.0/jars/scala-library.jar
		tried /Users/christopherd/.ivy2/local/org.scala-lang/scala-library/2.9.0/jars/scala-library.jar
	local: resource not reachable for org.scala-lang#scala-library;2.9.0: res=/Users/christopherd/.ivy2/local/org.scala-lang/scala-library/2.9.0/jars/scala-library.jar
	 trying file:///Users/christopherd/.m2/repository/org/scala-lang/scala-library/2.9.0/scala-library-2.9.0.jar
		tried file:///Users/christopherd/.m2/repository/org/scala-lang/scala-library/2.9.0/scala-library-2.9.0.jar
	Maven2 Local: resource not reachable for org/scala-lang#scala-library;2.9.0: res=file:/Users/christopherd/.m2/repository/org/scala-lang/scala-library/2.9.0/scala-library-2.9.0.jar
	 trying http://databinder.net/repo/org.scala-lang/scala-library/2.9.0/jars/scala-library.jar
		tried http://databinder.net/repo/org.scala-lang/scala-library/2.9.0/jars/scala-library.jar
	sbt-db: resource not reachable for org.scala-lang#scala-library;2.9.0: res=http://databinder.net/repo/org.scala-lang/scala-library/2.9.0/jars/scala-library.jar
	 trying http://repo1.maven.org/maven2/org/scala-lang/scala-library/2.9.0/scala-library-2.9.0.jar
		tried http://repo1.maven.org/maven2/org/scala-lang/scala-library/2.9.0/scala-library-2.9.0.jar
	 trying /Users/christopherd/.ivy2/local/org.scala-lang/scala-library/2.9.0/sources/scala-library-sources.jar
		tried /Users/christopherd/.ivy2/local/org.scala-lang/scala-library/2.9.0/sources/scala-library-sources.jar
	local: resource not reachable for org.scala-lang#scala-library;2.9.0: res=/Users/christopherd/.ivy2/local/org.scala-lang/scala-library/2.9.0/sources/scala-library-sources.jar
	 trying file:///Users/christopherd/.m2/repository/org/scala-lang/scala-library/2.9.0/scala-library-2.9.0-sources.jar
		tried file:///Users/christopherd/.m2/repository/org/scala-lang/scala-library/2.9.0/scala-library-2.9.0-sources.jar
	Maven2 Local: resource not reachable for org/scala-lang#scala-library;2.9.0: res=file:/Users/christopherd/.m2/repository/org/scala-lang/scala-library/2.9.0/scala-library-2.9.0-sources.jar
	 trying http://databinder.net/repo/org.scala-lang/scala-library/2.9.0/sources/scala-library-sources.jar
		tried http://databinder.net/repo/org.scala-lang/scala-library/2.9.0/sources/scala-library-sources.jar
HTTP response status: 404 url=http://databinder.net/repo/org.scala-lang/scala-library/2.9.0/sources/scala-library-sources.jar
CLIENT ERROR: Not Found url=http://databinder.net/repo/org.scala-lang/scala-library/2.9.0/sources/scala-library-sources.jar
	sbt-db: resource not reachable for org.scala-lang#scala-library;2.9.0: res=http://databinder.net/repo/org.scala-lang/scala-library/2.9.0/sources/scala-library-sources.jar
	 trying http://repo1.maven.org/maven2/org/scala-lang/scala-library/2.9.0/scala-library-2.9.0-sources.jar
		tried http://repo1.maven.org/maven2/org/scala-lang/scala-library/2.9.0/scala-library-2.9.0-sources.jar
source artifact found for org.scala-lang#scala-library;2.9.0
	 trying /Users/christopherd/.ivy2/local/org.scala-lang/scala-library/2.9.0/javadocs/scala-library-javadoc.jar
		tried /Users/christopherd/.ivy2/local/org.scala-lang/scala-library/2.9.0/javadocs/scala-library-javadoc.jar
	local: resource not reachable for org.scala-lang#scala-library;2.9.0: res=/Users/christopherd/.ivy2/local/org.scala-lang/scala-library/2.9.0/javadocs/scala-library-javadoc.jar
	 trying file:///Users/christopherd/.m2/repository/org/scala-lang/scala-library/2.9.0/scala-library-2.9.0-javadoc.jar
		tried file:///Users/christopherd/.m2/repository/org/scala-lang/scala-library/2.9.0/scala-library-2.9.0-javadoc.jar
	Maven2 Local: resource not reachable for org/scala-lang#scala-library;2.9.0: res=file:/Users/christopherd/.m2/repository/org/scala-lang/scala-library/2.9.0/scala-library-2.9.0-javadoc.jar
	 trying http://databinder.net/repo/org.scala-lang/scala-library/2.9.0/javadocs/scala-library-javadoc.jar
		tried http://databinder.net/repo/org.scala-lang/scala-library/2.9.0/javadocs/scala-library-javadoc.jar
HTTP response status: 404 url=http://databinder.net/repo/org.scala-lang/scala-library/2.9.0/javadocs/scala-library-javadoc.jar
CLIENT ERROR: Not Found url=http://databinder.net/repo/org.scala-lang/scala-library/2.9.0/javadocs/scala-library-javadoc.jar
	sbt-db: resource not reachable for org.scala-lang#scala-library;2.9.0: res=http://databinder.net/repo/org.scala-lang/scala-library/2.9.0/javadocs/scala-library-javadoc.jar
	 trying http://repo1.maven.org/maven2/org/scala-lang/scala-library/2.9.0/scala-library-2.9.0-javadoc.jar
		tried http://repo1.maven.org/maven2/org/scala-lang/scala-library/2.9.0/scala-library-2.9.0-javadoc.jar
javadoc artifact found for org.scala-lang#scala-library;2.9.0
	default-cache: parsed downloaded md file for org.scala-lang#scala-library;2.9.0; parsed=org.scala-lang#scala-library;2.9.0
	checking org.scala-lang#scala-library;2.9.0 from Maven Central against [none]
	module revision kept as first found: org.scala-lang#scala-library;2.9.0 from Maven Central
	found org.scala-lang#scala-library;2.9.0 in Maven Central
== resolving dependencies org.scala-lang#scala-compiler;2.9.0->org.scala-lang#scala-library;2.9.0 [compile->compile(*)]
loadData of org.scala-lang#scala-library;2.9.0 of rootConf=default
== resolving dependencies org.scala-lang#scala-compiler;2.9.0->org.scala-lang#scala-library;2.9.0 [compile->default]
loadData of org.scala-lang#scala-library;2.9.0 of rootConf=default
== resolving dependencies org.scala-lang#scala-compiler;2.9.0->org.scala-lang#scala-library;2.9.0 [compile->runtime]
loadData of org.scala-lang#scala-library;2.9.0 of rootConf=default
== resolving dependencies org.scala-lang#scala-compiler;2.9.0->org.scala-lang#scala-library;2.9.0 [compile->compile]
loadData of org.scala-lang#scala-library;2.9.0 of rootConf=default
== resolving dependencies org.scala-lang#scala-compiler;2.9.0->org.scala-lang#scala-library;2.9.0 [compile->master]
loadData of org.scala-lang#scala-library;2.9.0 of rootConf=default
== resolving dependencies org.scala-lang#scala-compiler;2.9.0->org.scala-lang#scala-library;2.9.0 [runtime->runtime(*)]
loadData of org.scala-lang#scala-library;2.9.0 of rootConf=default
== resolving dependencies org.scala-lang#scala-compiler;2.9.0->org.scala-lang#scala-library;2.9.0 [runtime->compile]
loadData of org.scala-lang#scala-library;2.9.0 of rootConf=default
default is loaded and no conf to load.  Skip loading
== resolving dependencies org.scala-tools.sbt#boot-scala;1.0->org.scala-lang#scala-compiler;2.9.0 [default->master]
loadData of org.scala-lang#scala-compiler;2.9.0 of rootConf=default
== resolving dependencies org.scala-tools.sbt#boot-scala;1.0->org.scala-lang#scala-compiler;2.9.0 [default->optional(default)]
loadData of org.scala-lang#scala-compiler;2.9.0 of rootConf=default
== resolving dependencies org.scala-lang#scala-compiler;2.9.0->org.scala-lang#jline;2.9.0 [optional->master(*)]
loadData of org.scala-lang#jline;2.9.0 of rootConf=default
	using redefined-public to resolve org.scala-lang#jline;2.9.0
redefined-public: Checking cache for: dependency: org.scala-lang#jline;2.9.0 {optional=[compile(*), master(*)]}
	no ivy file in cache for org.scala-lang#jline;2.9.0: tried /Users/christopherd/.ivy2/cache/org.scala-lang/jline/ivy-2.9.0.xml
	no ivy file in cache for org.scala-lang#jline;2.9.0: tried /Users/christopherd/.ivy2/cache/org.scala-lang/jline/ivy-2.9.0.xml
	 trying /Users/christopherd/.ivy2/local/org.scala-lang/jline/2.9.0/ivys/ivy.xml
		tried /Users/christopherd/.ivy2/local/org.scala-lang/jline/2.9.0/ivys/ivy.xml
	local: resource not reachable for org.scala-lang#jline;2.9.0: res=/Users/christopherd/.ivy2/local/org.scala-lang/jline/2.9.0/ivys/ivy.xml
	 trying /Users/christopherd/.ivy2/local/org.scala-lang/jline/2.9.0/jars/jline.jar
		tried /Users/christopherd/.ivy2/local/org.scala-lang/jline/2.9.0/jars/jline.jar
	local: resource not reachable for org.scala-lang#jline;2.9.0: res=/Users/christopherd/.ivy2/local/org.scala-lang/jline/2.9.0/jars/jline.jar
	local: no ivy file nor artifact found for org.scala-lang#jline;2.9.0
	no ivy file in cache for org.scala-lang#jline;2.9.0: tried /Users/christopherd/.ivy2/cache/org.scala-lang/jline/ivy-2.9.0.xml
	 trying file:///Users/christopherd/.m2/repository/org/scala-lang/jline/2.9.0/jline-2.9.0.pom
		tried file:///Users/christopherd/.m2/repository/org/scala-lang/jline/2.9.0/jline-2.9.0.pom
	Maven2 Local: resource not reachable for org/scala-lang#jline;2.9.0: res=file:/Users/christopherd/.m2/repository/org/scala-lang/jline/2.9.0/jline-2.9.0.pom
	 trying file:///Users/christopherd/.m2/repository/org/scala-lang/jline/2.9.0/jline-2.9.0.jar
		tried file:///Users/christopherd/.m2/repository/org/scala-lang/jline/2.9.0/jline-2.9.0.jar
	Maven2 Local: resource not reachable for org/scala-lang#jline;2.9.0: res=file:/Users/christopherd/.m2/repository/org/scala-lang/jline/2.9.0/jline-2.9.0.jar
	Maven2 Local: no ivy file nor artifact found for org.scala-lang#jline;2.9.0
	no ivy file in cache for org.scala-lang#jline;2.9.0: tried /Users/christopherd/.ivy2/cache/org.scala-lang/jline/ivy-2.9.0.xml
	 trying http://databinder.net/repo/org.scala-lang/jline/2.9.0/ivys/ivy.xml
		tried http://databinder.net/repo/org.scala-lang/jline/2.9.0/ivys/ivy.xml
HTTP response status: 404 url=http://databinder.net/repo/org.scala-lang/jline/2.9.0/ivys/ivy.xml
CLIENT ERROR: Not Found url=http://databinder.net/repo/org.scala-lang/jline/2.9.0/ivys/ivy.xml
	sbt-db: resource not reachable for org.scala-lang#jline;2.9.0: res=http://databinder.net/repo/org.scala-lang/jline/2.9.0/ivys/ivy.xml
	 trying http://databinder.net/repo/org.scala-lang/jline/2.9.0/jars/jline.jar
		tried http://databinder.net/repo/org.scala-lang/jline/2.9.0/jars/jline.jar
HTTP response status: 404 url=http://databinder.net/repo/org.scala-lang/jline/2.9.0/jars/jline.jar
CLIENT ERROR: Not Found url=http://databinder.net/repo/org.scala-lang/jline/2.9.0/jars/jline.jar
	sbt-db: resource not reachable for org.scala-lang#jline;2.9.0: res=http://databinder.net/repo/org.scala-lang/jline/2.9.0/jars/jline.jar
	sbt-db: no ivy file nor artifact found for org.scala-lang#jline;2.9.0
	no ivy file in cache for org.scala-lang#jline;2.9.0: tried /Users/christopherd/.ivy2/cache/org.scala-lang/jline/ivy-2.9.0.xml
	 trying http://repo1.maven.org/maven2/org/scala-lang/jline/2.9.0/jline-2.9.0.pom
		tried http://repo1.maven.org/maven2/org/scala-lang/jline/2.9.0/jline-2.9.0.pom
	Maven Central: found md file for org.scala-lang#jline;2.9.0
		=> http://repo1.maven.org/maven2/org/scala-lang/jline/2.9.0/jline-2.9.0.pom (2.9.0)
	parser = pom parser
	no ivy file in cache for org.scala-lang#jline;2.9.0: tried /Users/christopherd/.ivy2/cache/org.scala-lang/jline/ivy-2.9.0.xml
downloading http://repo1.maven.org/maven2/org/scala-lang/jline/2.9.0/jline-2.9.0.pom ...
	Maven Central: downloading http://repo1.maven.org/maven2/org/scala-lang/jline/2.9.0/jline-2.9.0.pom
		to /Users/christopherd/.ivy2/cache/org.scala-lang/jline/ivy-2.9.0.xml.original.part
	[SUCCESSFUL ] org.scala-lang#jline;2.9.0!jline.pom(pom.original) (269ms)
	 trying /Users/christopherd/.ivy2/local/org.scala-lang/jline/2.9.0/jars/jline.jar
		tried /Users/christopherd/.ivy2/local/org.scala-lang/jline/2.9.0/jars/jline.jar
	local: resource not reachable for org.scala-lang#jline;2.9.0: res=/Users/christopherd/.ivy2/local/org.scala-lang/jline/2.9.0/jars/jline.jar
	 trying file:///Users/christopherd/.m2/repository/org/scala-lang/jline/2.9.0/jline-2.9.0.jar
		tried file:///Users/christopherd/.m2/repository/org/scala-lang/jline/2.9.0/jline-2.9.0.jar
	Maven2 Local: resource not reachable for org/scala-lang#jline;2.9.0: res=file:/Users/christopherd/.m2/repository/org/scala-lang/jline/2.9.0/jline-2.9.0.jar
	 trying http://databinder.net/repo/org.scala-lang/jline/2.9.0/jars/jline.jar
		tried http://databinder.net/repo/org.scala-lang/jline/2.9.0/jars/jline.jar
	sbt-db: resource not reachable for org.scala-lang#jline;2.9.0: res=http://databinder.net/repo/org.scala-lang/jline/2.9.0/jars/jline.jar
	 trying http://repo1.maven.org/maven2/org/scala-lang/jline/2.9.0/jline-2.9.0.jar
		tried http://repo1.maven.org/maven2/org/scala-lang/jline/2.9.0/jline-2.9.0.jar
	 trying /Users/christopherd/.ivy2/local/org.scala-lang/jline/2.9.0/sources/jline-sources.jar
		tried /Users/christopherd/.ivy2/local/org.scala-lang/jline/2.9.0/sources/jline-sources.jar
	local: resource not reachable for org.scala-lang#jline;2.9.0: res=/Users/christopherd/.ivy2/local/org.scala-lang/jline/2.9.0/sources/jline-sources.jar
	 trying file:///Users/christopherd/.m2/repository/org/scala-lang/jline/2.9.0/jline-2.9.0-sources.jar
		tried file:///Users/christopherd/.m2/repository/org/scala-lang/jline/2.9.0/jline-2.9.0-sources.jar
	Maven2 Local: resource not reachable for org/scala-lang#jline;2.9.0: res=file:/Users/christopherd/.m2/repository/org/scala-lang/jline/2.9.0/jline-2.9.0-sources.jar
	 trying http://databinder.net/repo/org.scala-lang/jline/2.9.0/sources/jline-sources.jar
		tried http://databinder.net/repo/org.scala-lang/jline/2.9.0/sources/jline-sources.jar
HTTP response status: 404 url=http://databinder.net/repo/org.scala-lang/jline/2.9.0/sources/jline-sources.jar
CLIENT ERROR: Not Found url=http://databinder.net/repo/org.scala-lang/jline/2.9.0/sources/jline-sources.jar
	sbt-db: resource not reachable for org.scala-lang#jline;2.9.0: res=http://databinder.net/repo/org.scala-lang/jline/2.9.0/sources/jline-sources.jar
	 trying http://repo1.maven.org/maven2/org/scala-lang/jline/2.9.0/jline-2.9.0-sources.jar
		tried http://repo1.maven.org/maven2/org/scala-lang/jline/2.9.0/jline-2.9.0-sources.jar
source artifact found for org.scala-lang#jline;2.9.0
	 trying /Users/christopherd/.ivy2/local/org.scala-lang/jline/2.9.0/javadocs/jline-javadoc.jar
		tried /Users/christopherd/.ivy2/local/org.scala-lang/jline/2.9.0/javadocs/jline-javadoc.jar
	local: resource not reachable for org.scala-lang#jline;2.9.0: res=/Users/christopherd/.ivy2/local/org.scala-lang/jline/2.9.0/javadocs/jline-javadoc.jar
	 trying file:///Users/christopherd/.m2/repository/org/scala-lang/jline/2.9.0/jline-2.9.0-javadoc.jar
		tried file:///Users/christopherd/.m2/repository/org/scala-lang/jline/2.9.0/jline-2.9.0-javadoc.jar
	Maven2 Local: resource not reachable for org/scala-lang#jline;2.9.0: res=file:/Users/christopherd/.m2/repository/org/scala-lang/jline/2.9.0/jline-2.9.0-javadoc.jar
	 trying http://databinder.net/repo/org.scala-lang/jline/2.9.0/javadocs/jline-javadoc.jar
		tried http://databinder.net/repo/org.scala-lang/jline/2.9.0/javadocs/jline-javadoc.jar
HTTP response status: 404 url=http://databinder.net/repo/org.scala-lang/jline/2.9.0/javadocs/jline-javadoc.jar
CLIENT ERROR: Not Found url=http://databinder.net/repo/org.scala-lang/jline/2.9.0/javadocs/jline-javadoc.jar
	sbt-db: resource not reachable for org.scala-lang#jline;2.9.0: res=http://databinder.net/repo/org.scala-lang/jline/2.9.0/javadocs/jline-javadoc.jar
	 trying http://repo1.maven.org/maven2/org/scala-lang/jline/2.9.0/jline-2.9.0-javadoc.jar
		tried http://repo1.maven.org/maven2/org/scala-lang/jline/2.9.0/jline-2.9.0-javadoc.jar
HTTP response status: 404 url=http://repo1.maven.org/maven2/org/scala-lang/jline/2.9.0/jline-2.9.0-javadoc.jar
CLIENT ERROR: Not Found url=http://repo1.maven.org/maven2/org/scala-lang/jline/2.9.0/jline-2.9.0-javadoc.jar
	Maven Central: resource not reachable for org/scala-lang#jline;2.9.0: res=http://repo1.maven.org/maven2/org/scala-lang/jline/2.9.0/jline-2.9.0-javadoc.jar
	 trying http://scala-tools.org/repo-releases/org/scala-lang/jline/2.9.0/jline-2.9.0-javadoc.jar
		tried http://scala-tools.org/repo-releases/org/scala-lang/jline/2.9.0/jline-2.9.0-javadoc.jar
HTTP response status: 404 url=http://scala-tools.org/repo-releases/org/scala-lang/jline/2.9.0/jline-2.9.0-javadoc.jar
CLIENT ERROR: The server has not found anything matching the request URI url=http://scala-tools.org/repo-releases/org/scala-lang/jline/2.9.0/jline-2.9.0-javadoc.jar
	Scala-Tools Maven2 Repository: resource not reachable for org/scala-lang#jline;2.9.0: res=http://scala-tools.org/repo-releases/org/scala-lang/jline/2.9.0/jline-2.9.0-javadoc.jar
	 trying http://scala-tools.org/repo-snapshots/org/scala-lang/jline/2.9.0/jline-2.9.0-javadoc.jar
		tried http://scala-tools.org/repo-snapshots/org/scala-lang/jline/2.9.0/jline-2.9.0-javadoc.jar
HTTP response status: 404 url=http://scala-tools.org/repo-snapshots/org/scala-lang/jline/2.9.0/jline-2.9.0-javadoc.jar
CLIENT ERROR: The server has not found anything matching the request URI url=http://scala-tools.org/repo-snapshots/org/scala-lang/jline/2.9.0/jline-2.9.0-javadoc.jar
	Scala-Tools Maven2 Snapshots Repository: resource not reachable for org/scala-lang#jline;2.9.0: res=http://scala-tools.org/repo-snapshots/org/scala-lang/jline/2.9.0/jline-2.9.0-javadoc.jar
no javadoc artifact found for org.scala-lang#jline;2.9.0
	default-cache: parsed downloaded md file for org.scala-lang#jline;2.9.0; parsed=org.scala-lang#jline;2.9.0
	checking org.scala-lang#jline;2.9.0 from Maven Central against [none]
	module revision kept as first found: org.scala-lang#jline;2.9.0 from Maven Central
	found org.scala-lang#jline;2.9.0 in Maven Central
== resolving dependencies org.scala-lang#scala-compiler;2.9.0->org.scala-lang#jline;2.9.0 [optional->compile(*)]
loadData of org.scala-lang#jline;2.9.0 of rootConf=default
== resolving dependencies org.scala-lang#jline;2.9.0->org.fusesource.jansi#jansi;1.4 [compile->master(*)]
loadData of org.fusesource.jansi#jansi;1.4 of rootConf=default
	using redefined-public to resolve org.fusesource.jansi#jansi;1.4
redefined-public: Checking cache for: dependency: org.fusesource.jansi#jansi;1.4 {compile=[compile(*), master(*)], runtime=[runtime(*)]}
No entry is found in the ModuleDescriptorCache : /Users/christopherd/.ivy2/cache/org.fusesource.jansi/jansi/ivy-1.4.xml
post 1.3 ivy file: using exact as default matcher
	found ivy file in cache for org.fusesource.jansi#jansi;1.4 (resolved by Maven Central): /Users/christopherd/.ivy2/cache/org.fusesource.jansi/jansi/ivy-1.4.xml
redefined-public: module revision found in cache: org.fusesource.jansi#jansi;1.4
	found org.fusesource.jansi#jansi;1.4 in Maven Central
== resolving dependencies org.scala-lang#jline;2.9.0->org.fusesource.jansi#jansi;1.4 [compile->compile(*)]
loadData of org.fusesource.jansi#jansi;1.4 of rootConf=default
== resolving dependencies org.scala-tools.sbt#boot-scala;1.0->org.scala-lang#scala-library;2.9.0 [default->default]
loadData of org.scala-lang#scala-library;2.9.0 of rootConf=default
default is loaded and no conf to load.  Skip loading
== resolving dependencies org.scala-tools.sbt#boot-scala;1.0->org.scala-lang#scala-library;2.9.0 [default->runtime]
loadData of org.scala-lang#scala-library;2.9.0 of rootConf=default
default is loaded and no conf to load.  Skip loading
== resolving dependencies org.scala-tools.sbt#boot-scala;1.0->org.scala-lang#scala-library;2.9.0 [default->compile]
loadData of org.scala-lang#scala-library;2.9.0 of rootConf=default
default is loaded and no conf to load.  Skip loading
== resolving dependencies org.scala-tools.sbt#boot-scala;1.0->org.scala-lang#scala-library;2.9.0 [default->master]
loadData of org.scala-lang#scala-library;2.9.0 of rootConf=default
default is loaded and no conf to load.  Skip loading
Nbr of module to sort : 4
Sort dependencies of : org.scala-lang#scala-compiler;2.9.0 / Number of dependencies = 2
Sort dependencies of : org.scala-lang#scala-library;2.9.0 / Number of dependencies = 0
Sort done for : org.scala-lang#scala-library;2.9.0
Sort dependencies of : org.scala-lang#jline;2.9.0 / Number of dependencies = 1
Sort dependencies of : org.fusesource.jansi#jansi;1.4 / Number of dependencies = 1
Sort done for : org.fusesource.jansi#jansi;1.4
Sort done for : org.scala-lang#jline;2.9.0
Sort done for : org.scala-lang#scala-compiler;2.9.0
Module descriptor is processed : org.scala-lang#scala-library;2.9.0
Module descriptor is processed : org.scala-lang#jline;2.9.0
Module descriptor is processed : org.fusesource.jansi#jansi;1.4
	resolved ivy file produced in /Users/christopherd/.ivy2/cache/resolved-org.scala-tools.sbt-boot-scala-1.0.xml
:: downloading artifacts ::
	 trying http://repo1.maven.org/maven2/org/scala-lang/scala-compiler/2.9.0/scala-compiler-2.9.0.jar
		tried http://repo1.maven.org/maven2/org/scala-lang/scala-compiler/2.9.0/scala-compiler-2.9.0.jar
downloading http://repo1.maven.org/maven2/org/scala-lang/scala-compiler/2.9.0/scala-compiler-2.9.0.jar ...
	Maven Central: downloading http://repo1.maven.org/maven2/org/scala-lang/scala-compiler/2.9.0/scala-compiler-2.9.0.jar
		to /Users/christopherd/.ivy2/cache/org.scala-lang/scala-compiler/jars/scala-compiler-2.9.0.jar.part
	[SUCCESSFUL ] org.scala-lang#scala-compiler;2.9.0!scala-compiler.jar (13760ms)
	 trying http://repo1.maven.org/maven2/org/scala-lang/scala-library/2.9.0/scala-library-2.9.0.jar
		tried http://repo1.maven.org/maven2/org/scala-lang/scala-library/2.9.0/scala-library-2.9.0.jar
downloading http://repo1.maven.org/maven2/org/scala-lang/scala-library/2.9.0/scala-library-2.9.0.jar ...
	Maven Central: downloading http://repo1.maven.org/maven2/org/scala-lang/scala-library/2.9.0/scala-library-2.9.0.jar
		to /Users/christopherd/.ivy2/cache/org.scala-lang/scala-library/jars/scala-library-2.9.0.jar.part
	[SUCCESSFUL ] org.scala-lang#scala-library;2.9.0!scala-library.jar (10214ms)
	 trying http://repo1.maven.org/maven2/org/scala-lang/jline/2.9.0/jline-2.9.0.jar
		tried http://repo1.maven.org/maven2/org/scala-lang/jline/2.9.0/jline-2.9.0.jar
downloading http://repo1.maven.org/maven2/org/scala-lang/jline/2.9.0/jline-2.9.0.jar ...
	Maven Central: downloading http://repo1.maven.org/maven2/org/scala-lang/jline/2.9.0/jline-2.9.0.jar
		to /Users/christopherd/.ivy2/cache/org.scala-lang/jline/jars/jline-2.9.0.jar.part
	[SUCCESSFUL ] org.scala-lang#jline;2.9.0!jline.jar (216ms)
	[NOT REQUIRED] org.fusesource.jansi#jansi;1.4!jansi.jar
:: resolution report :: resolve 5712ms :: artifacts dl 24193ms
Nbr of module to sort : 4
Sort dependencies of : org.scala-lang#scala-compiler;2.9.0 / Number of dependencies = 2
Sort dependencies of : org.scala-lang#scala-library;2.9.0 / Number of dependencies = 0
Sort done for : org.scala-lang#scala-library;2.9.0
Sort dependencies of : org.scala-lang#jline;2.9.0 / Number of dependencies = 1
Sort dependencies of : org.fusesource.jansi#jansi;1.4 / Number of dependencies = 1
Sort done for : org.fusesource.jansi#jansi;1.4
Sort done for : org.scala-lang#jline;2.9.0
Sort done for : org.scala-lang#scala-compiler;2.9.0
Module descriptor is processed : org.scala-lang#scala-library;2.9.0
Module descriptor is processed : org.scala-lang#jline;2.9.0
Module descriptor is processed : org.fusesource.jansi#jansi;1.4
	report for org.scala-tools.sbt#boot-scala;1.0 default produced in /Users/christopherd/.ivy2/cache/org.scala-tools.sbt-boot-scala-default.xml
	resolve done (5712ms resolve - 24193ms download)
:: retrieving :: org.scala-tools.sbt#boot-scala
	checkUpToDate=true
no explicit confs given for retrieve, using ivy file: /Users/christopherd/.ivy2/cache/resolved-org.scala-tools.sbt-boot-scala-1.0.xml
using ivy parser to parse /Users/christopherd/.ivy2/cache/resolved-org.scala-tools.sbt-boot-scala-1.0.xml
post 1.3 ivy file: using exact as default matcher
	confs: [default]
	retrieving /Users/christopherd/.ivy2/cache/org.scala-lang/jline/jars/jline-2.9.0.jar
		to /Users/christopherd/Documents/TDDKATA/project/boot/scala-2.9.0/lib/jline.jar
	retrieving /Users/christopherd/.ivy2/cache/org.scala-lang/scala-library/jars/scala-library-2.9.0.jar
		to /Users/christopherd/Documents/TDDKATA/project/boot/scala-2.9.0/lib/scala-library.jar
	retrieving /Users/christopherd/.ivy2/cache/org.fusesource.jansi/jansi/jars/jansi-1.4.jar
		to /Users/christopherd/Documents/TDDKATA/project/boot/scala-2.9.0/lib/jansi.jar
	retrieving /Users/christopherd/.ivy2/cache/org.scala-lang/scala-compiler/jars/scala-compiler-2.9.0.jar
		to /Users/christopherd/Documents/TDDKATA/project/boot/scala-2.9.0/lib/scala-compiler.jar
	4 artifacts copied, 0 already retrieved (20442kB/124ms)
	retrieve done (124ms)
